<?xml version="1.0" encoding="UTF-8"?>
<!-- Generated by org.testng.reporters.JUnitReportReporter -->
<testsuite hostname="MININTCEGQL91" failures="0" tests="1" name="GroupDemo.Home_loan" time="0.001" errors="0" timestamp="2022-08-22T11:50:25 IST" skipped="0">
  <testcase classname="GroupDemo.Home_loan" name="MobileLoginHomeLoan" time="0.001"/>
  <system-out/>
</testsuite> <!-- GroupDemo.Home_loan -->
