<?xml version="1.0" encoding="UTF-8"?>
<!-- Generated by org.testng.reporters.JUnitReportReporter -->
<testsuite hostname="MININTCEGQL91" failures="0" tests="1" name="Parameters.Parameter" time="0.006" errors="0" timestamp="2022-08-22T12:40:06 IST" skipped="0">
  <testcase classname="Parameters.Parameter" name="sum" time="0.006"/>
  <system-out/>
</testsuite> <!-- Parameters.Parameter -->
