<?xml version="1.0" encoding="UTF-8"?>
<!-- Generated by org.testng.reporters.JUnitReportReporter -->
<testsuite hostname="MININTCEGQL91" failures="0" tests="4" name="ParalleTestNg.TestClass4" time="0.003" errors="0" timestamp="2022-08-22T15:09:07 IST" skipped="0">
  <testcase classname="ParalleTestNg.TestClass4" name="testMethod9" time="0.001"/>
  <system-out/>
  <testcase classname="ParalleTestNg.TestClass4" name="testMethod10" time="0.001"/>
  <system-out/>
  <testcase classname="ParalleTestNg.TestClass4" name="testMethod11" time="0.000"/>
  <system-out/>
  <testcase classname="ParalleTestNg.TestClass4" name="testMethod8" time="0.001"/>
  <system-out/>
</testsuite> <!-- ParalleTestNg.TestClass4 -->
