<?xml version="1.0" encoding="UTF-8"?>
<!-- Generated by org.testng.reporters.JUnitReportReporter -->
<testsuite hostname="MININTCEGQL91" failures="0" tests="6" name="PriorityTestDemo.FilghBookingDemo" time="0.019" errors="0" timestamp="2022-08-30T09:09:25 IST" skipped="0">
  <testcase classname="PriorityTestDemo.FilghBookingDemo" name="signup" time="0.000"/>
  <system-out/>
  <testcase classname="PriorityTestDemo.FilghBookingDemo" name="LogIn" time="0.011"/>
  <system-out/>
  <testcase classname="PriorityTestDemo.FilghBookingDemo" name="SearchForTheFlight" time="0.002"/>
  <system-out/>
  <testcase classname="PriorityTestDemo.FilghBookingDemo" name="BookTheFlight" time="0.002"/>
  <system-out/>
  <testcase classname="PriorityTestDemo.FilghBookingDemo" name="SaveTheTicket" time="0.001"/>
  <system-out/>
  <testcase classname="PriorityTestDemo.FilghBookingDemo" name="LogOut" time="0.003"/>
  <system-out/>
</testsuite> <!-- PriorityTestDemo.FilghBookingDemo -->
