<?xml version="1.0" encoding="UTF-8"?>
<!-- Generated by org.testng.reporters.JUnitReportReporter -->
<testsuite hostname="MININTCEGQL91" failures="0" tests="1" name="TestNgDemo.TestDemo1" time="0.008" errors="0" timestamp="2022-08-22T14:32:37 IST" skipped="0">
  <testcase classname="TestNgDemo.TestDemo1" name="Submit" time="0.008"/>
  <system-out/>
</testsuite> <!-- TestNgDemo.TestDemo1 -->
