<?xml version="1.0" encoding="UTF-8"?>
<!-- Generated by org.testng.reporters.JUnitReportReporter -->
<testsuite hostname="MININTCEGQL91" failures="0" tests="3" name="ParalleTestNg.TestClass2" time="0.017" errors="0" timestamp="2022-08-22T15:09:07 IST" skipped="0">
  <testcase classname="ParalleTestNg.TestClass2" name="testMethod5" time="0.011"/>
  <system-out/>
  <testcase classname="ParalleTestNg.TestClass2" name="testMethod7" time="0.002"/>
  <system-out/>
  <testcase classname="ParalleTestNg.TestClass2" name="testMethod6" time="0.004"/>
  <system-out/>
</testsuite> <!-- ParalleTestNg.TestClass2 -->
