<?xml version="1.0" encoding="UTF-8"?>
<!-- Generated by org.testng.reporters.JUnitReportReporter -->
<testsuite hostname="MININTCEGQL91" failures="0" tests="3" name="ExcelDataReader.ExcelTest" time="32.243" errors="0" timestamp="2022-09-08T14:01:19 IST" skipped="0">
  <testcase classname="ExcelDataReader.ExcelTest" name="TestLogin" time="9.036"/>
  <system-out/>
  <testcase classname="ExcelDataReader.ExcelTest" name="TestLogin" time="8.892"/>
  <system-out/>
  <testcase classname="ExcelDataReader.ExcelTest" name="TestLogin" time="14.315"/>
  <system-out/>
</testsuite> <!-- ExcelDataReader.ExcelTest -->
