<?xml version="1.0" encoding="UTF-8"?>
<!-- Generated by org.testng.reporters.JUnitReportReporter -->
<testsuite hostname="MININTCEGQL91" failures="0" tests="2" name="AnnotationDemo.AnnotationTestNG" time="0.008" errors="0" timestamp="2022-08-22T10:41:25 IST" skipped="0">
  <testcase classname="AnnotationDemo.AnnotationTestNG" name="testMethod2" time="0.003"/>
  <system-out/>
  <testcase classname="AnnotationDemo.AnnotationTestNG" name="testMethod1" time="0.005"/>
  <system-out/>
</testsuite> <!-- AnnotationDemo.AnnotationTestNG -->
