<?xml version="1.0" encoding="UTF-8"?>
<!-- Generated by org.testng.reporters.JUnitReportReporter -->
<testsuite hostname="MININTCEGQL91" failures="0" tests="3" name="DependentsDemo.Dependent" time="0.008" errors="0" timestamp="2022-08-22T12:17:51 IST" skipped="0">
  <testcase classname="DependentsDemo.Dependent" name="OpenBrwoser" time="0.006"/>
  <system-out/>
  <testcase classname="DependentsDemo.Dependent" name="Sigin" time="0.001"/>
  <system-out/>
  <testcase classname="DependentsDemo.Dependent" name="LogOut" time="0.001"/>
  <system-out/>
</testsuite> <!-- DependentsDemo.Dependent -->
