<?xml version="1.0" encoding="UTF-8"?>
<!-- Generated by org.testng.reporters.JUnitReportReporter -->
<testsuite hostname="MININTCEGQL91" failures="0" tests="2" name="DataProvider.DataProviderFacebook" time="16.319" errors="0" timestamp="2022-08-22T14:52:07 IST" skipped="0">
  <testcase classname="DataProvider.DataProviderFacebook" name="TestLogin" time="8.738"/>
  <system-out/>
  <testcase classname="DataProvider.DataProviderFacebook" name="TestLogin" time="7.581"/>
  <system-out/>
</testsuite> <!-- DataProvider.DataProviderFacebook -->
