<?xml version="1.0" encoding="UTF-8"?>
<!-- Generated by org.testng.reporters.JUnitReportReporter -->
<testsuite hostname="MININTCEGQL91" failures="0" tests="1" name="GroupDemo.Car_Loan" time="0.012" errors="0" timestamp="2022-08-22T11:50:25 IST" skipped="0">
  <testcase classname="GroupDemo.Car_Loan" name="MobileLoginCarLoan" time="0.012"/>
  <system-out/>
</testsuite> <!-- GroupDemo.Car_Loan -->
