<?xml version="1.0" encoding="UTF-8"?>
<!-- Generated by org.testng.reporters.JUnitReportReporter -->
<testsuite hostname="MININTCEGQL91" failures="0" tests="4" name="ParalleTestNg.TestClass1" time="0.018" errors="0" timestamp="2022-08-22T15:09:07 IST" skipped="0">
  <testcase classname="ParalleTestNg.TestClass1" name="testMethod1" time="0.011"/>
  <system-out/>
  <testcase classname="ParalleTestNg.TestClass1" name="testMethod3" time="0.002"/>
  <system-out/>
  <testcase classname="ParalleTestNg.TestClass1" name="testMethod2" time="0.003"/>
  <system-out/>
  <testcase classname="ParalleTestNg.TestClass1" name="testMethod4" time="0.002"/>
  <system-out/>
</testsuite> <!-- ParalleTestNg.TestClass1 -->
