<?xml version="1.0" encoding="UTF-8"?>
<!-- Generated by org.testng.reporters.JUnitReportReporter -->
<testsuite hostname="MININTCEGQL91" failures="0" tests="1" name="Parameters.Multiple" time="0.001" errors="0" timestamp="2022-08-22T12:40:06 IST" skipped="0">
  <testcase classname="Parameters.Multiple" name="sum" time="0.001"/>
  <system-out/>
</testsuite> <!-- Parameters.Multiple -->
