<?xml version="1.0" encoding="UTF-8"?>
<!-- Generated by org.testng.reporters.JUnitReportReporter -->
<testsuite hostname="MININTCEGQL91" failures="0" tests="4" name="TestNgDemo.TestDemo" time="0.002" errors="0" timestamp="2022-08-22T14:32:37 IST" skipped="0">
  <testcase classname="TestNgDemo.TestDemo" name="OpenBrowser" time="0.001"/>
  <system-out/>
  <testcase classname="TestNgDemo.TestDemo" name="Login" time="0.001"/>
  <system-out/>
  <testcase classname="TestNgDemo.TestDemo" name="LogOut" time="0.000"/>
  <system-out/>
  <testcase classname="TestNgDemo.TestDemo" name="OpenBrowser" time="0.000"/>
  <system-out/>
</testsuite> <!-- TestNgDemo.TestDemo -->
