<?xml version="1.0" encoding="UTF-8"?>
<!-- Generated by org.testng.reporters.JUnitReportReporter -->
<testsuite hostname="MININTCEGQL91" failures="0" tests="1" name="OpenBrowser.OpenBrowserDemo" time="15.779" errors="0" timestamp="2022-08-22T11:20:41 IST" skipped="0">
  <testcase classname="OpenBrowser.OpenBrowserDemo" name="TestGoogle" time="15.779"/>
  <system-out/>
</testsuite> <!-- OpenBrowser.OpenBrowserDemo -->
