<?xml version="1.0" encoding="UTF-8"?>
<!-- Generated by org.testng.reporters.JUnitReportReporter -->
<testsuite hostname="MININTCEGQL91" failures="0" tests="2" name="DataProvider.DPDemo1" time="0.017" errors="0" timestamp="2022-08-22T13:40:54 IST" skipped="0">
  <testcase classname="DataProvider.DPDemo1" name="TestDp" time="0.002"/>
  <system-out/>
  <testcase classname="DataProvider.DPDemo1" name="TestDp" time="0.015"/>
  <system-out/>
</testsuite> <!-- DataProvider.DPDemo1 -->
