<?xml version="1.0" encoding="UTF-8"?>
<!-- Generated by org.testng.reporters.JUnitReportReporter -->
<testsuite hostname="MININTCEGQL91" failures="0" tests="2" name="Parameters.ParameterDemo" time="9.768" errors="0" timestamp="2022-08-23T17:57:53 IST" skipped="0">
  <testcase classname="Parameters.ParameterDemo" name="clickAdmin" time="6.440"/>
  <system-out/>
  <testcase classname="Parameters.ParameterDemo" name="LoginCredentials" time="3.328"/>
  <system-out/>
</testsuite> <!-- Parameters.ParameterDemo -->
